com.lowagie:itext:jar:4.2.2:compile
net.bull.javamelody:javamelody-core:jar:1.95.0:compile
org.apache.logging.log4j:log4j-core:jar:2.24.1:compile
org.slf4j:slf4j-jdk14:jar:1.7.32:compile
org.apache.jcs:jcs:jar:1.3:compile
org.springframework:spring-webmvc:jar:4.3.30.RELEASE:compile
org.springframework.integration:spring-integration-ftp:jar:4.2.4.RELEASE:compile
org.springframework:spring-aspects:jar:4.3.30.RELEASE:compile
mysql:mysql-connector-java:jar:8.0.25:compile
cglib:cglib-nodep:jar:3.2.5:compile
org.apache.pdfbox:jbig2-imageio:jar:3.0.4:compile
com.twelvemonkeys.imageio:imageio-jpeg:jar:3.3.1:compile
io.github.weblegacy:struts-tiles:jar:1.3.11:compile
io.github.weblegacy:struts-el:jar:1.3.11:compile
javax.servlet:jstl:jar:1.2:compile
taglibs:standard:jar:1.1.2:compile
jasperreports:htmlcomponent:jar:6.8.0:compile
com.fasterxml.jackson.core:jackson-core:jar:2.9.9:compile
com.fasterxml.jackson.core:jackson-annotations:jar:2.9.9:compile
ca.mcmaster.plus:macplus_client_stubs:jar:SNAPSHOT:compile
org.apache.xmlgraphics:batik-dom:jar:1.7:compile
batik:batik-awt-util:jar:1.6-1:compile
batik:batik-dom:jar:1.6-1:compile
batik:batik-svggen:jar:1.6-1:compile
batik:batik-util:jar:1.6-1:compile
batik:batik-xml:jar:1.6-1:compile
jspellchecker:jazzy-core:jar:unknown:compile
com.sun:xacml:jar:1.2:compile
org.chip.ping:oscar-ping:jar:UNKNOWN:compile
org.chip.ping:ping-core:jar:UNKNOWN:compile
org.chip.ping:ping-server:jar:UNKNOWN:compile
janino:janino:jar:2.3.2:compile
ocan:ocan-iar-phr:jar:UNKNOWN:compile
org.apache.axis2:axis2-transport-http:jar:1.5.4:compile
org.apache.axis2:axis2-transport-local:jar:1.5.4:compile
org.apache.ws.commons.axiom:axiom-api:jar:1.2.11:compile
org.apache.ws.commons.axiom:axiom-impl:jar:1.2.11:compile
org.apache.cxf:apache-cxf:pom:3.2.0:compile
org.marc.shic:shic-atna:jar:1.0.8:compile
org.marc.shic:shic-svs:jar:1.0.8:compile
rome:rome:jar:1.0:compile
org.codehaus.jackson:jackson-jaxrs:jar:1.9.13:compile
org.owasp.encoder:encoder-jsp:jar:1.2.3:compile
org.apache.openjpa:openjpa:jar:3.0.0:compile
ca.uhn.hapi.fhir:hapi-fhir-structures-dstu3:jar:5.4.0:compile
org.codehaus.woodstox:woodstox-core-asl:jar:4.4.1:compile