itext-4.2.2.jar
javamelody-core-1.95.0.jar
log4j-core-2.24.1.jar
slf4j-jdk14-1.7.32.jar
jcs-1.3.jar
spring-webmvc-4.3.30.RELEASE.jar
spring-integration-ftp-4.2.4.RELEASE.jar
spring-aspects-4.3.30.RELEASE.jar
mysql-connector-java-8.0.25.jar
cglib-nodep-3.2.5.jar
jbig2-imageio-3.0.4.jar
imageio-jpeg-3.3.1.jar
struts-tiles-1.3.11.jar
struts-el-1.3.11.jar
jstl-1.2.jar
standard-1.1.2.jar
htmlcomponent-6.8.0.jar
jackson-core-2.9.9.jar
jackson-annotations-2.9.9.jar
macplus_client_stubs-SNAPSHOT.jar
batik-dom-1.7.jar
batik-awt-util-1.6-1.jar
batik-dom-1.6-1.jar
batik-svggen-1.6-1.jar
batik-util-1.6-1.jar
batik-xml-1.6-1.jar
jazzy-core-unknown.jar
xacml-1.2.jar
oscar-ping-UNKNOWN.jar
ping-core-UNKNOWN.jar
ping-server-UNKNOWN.jar
janino-2.3.2.jar
ocan-iar-phr-UNKNOWN.jar
axis2-transport-http-1.5.4.jar
axis2-transport-local-1.5.4.jar
axiom-api-1.2.11.jar
axiom-impl-1.2.11.jar
apache-cxf-3.2.0.jar
shic-atna-1.0.8.jar
shic-svs-1.0.8.jar
rome-1.0.jar
jackson-jaxrs-1.9.13.jar
encoder-jsp-1.2.3.jar
openjpa-3.0.0.jar
hapi-fhir-structures-dstu3-5.4.0.jar
woodstox-core-asl-4.4.1.jar
