BORNWB-2.1.5.jar
BORNWBCSD-2.2.1.jar
PatientService-20161213.jar
SSOClinicalConnect-20171101.jar
ant-1.7.0.jar
ar2005-1.2.jar
aspectjweaver-1.8.9.jar
axis2-1.5.4.jar
barbecue-1.0.6b.jar
bcpkix-jdk18on-1.78.1.jar
bcprov-jdk18on-1.78.1.jar
caisi_integrator_client_stubs-1.1.jar
cbi_ws_client-1.1.jar
cds-5.2.3.jar
cds_cihi-1.0.jar
cds_cihi_phcvrs-1.0.jar
cds_hrm-4.3.1.jar
cds_rourke-1.0.jar
ckd-1.0.jar
common-lang-3.3.1.jar
commonmark-0.10.0.jar
commons-beanutils-1.7.0.jar
commons-betwixt-0.7.jar
commons-codec-1.7.jar
commons-collections-3.2.2.jar
commons-compress-1.14.jar
commons-dbcp-1.4.jar
commons-digester-1.8.jar
commons-fileupload-1.5.jar
commons-httpclient-3.1.jar
commons-io-2.13.0.jar
commons-lang-2.4.jar
commons-lang3-3.9.jar
commons-logging-1.2.jar
commons-net-3.3.jar
commons-text-1.10.0.jar
commons-validator-1.3.1.jar
csrfguard-3.1.0.jar
cxf-core-3.2.0.jar
cxf-rt-bindings-soap-3.2.0.jar
cxf-rt-frontend-jaxrs-3.2.0.jar
cxf-rt-frontend-jaxws-3.2.0.jar
cxf-rt-frontend-simple-3.2.0.jar
cxf-rt-rs-client-3.2.0.jar
cxf-rt-rs-extension-providers-3.2.0.jar
cxf-rt-rs-security-oauth-3.2.0.jar
cxf-rt-transports-http-3.2.0.jar
cxf-rt-ws-security-3.2.0.jar
displaytag-1.2.jar
dom4j-2.1.1.jar
drools-all-2.0.jar
edt-stubs-0.0.1-SNAPSHOT.jar
encoder-1.2.1.jar
everest-core-1.1.0.jar
everest-rmim-uv-cdar2-1.1.0.jar
flowsheets-1.0.jar
flying-saucer-core-9.4.1.jar
flying-saucer-pdf-9.4.1.jar
geronimo-ws-metadata_2.0_spec-1.1.2.jar
gson-2.10.1.jar
guava-15.0-rc1.jar
hapi-base-1.0.1.jar
hapi-fhir-base-5.4.0.jar
hapi-fhir-structures-dstu2-5.4.0.jar
hapi-structures-v22-1.0.1.jar
hapi-structures-v23-1.0.1.jar
hapi-structures-v231-1.0.1.jar
hapi-structures-v25-1.0.1.jar
hapi-structures-v26-1.0.1.jar
hcv-stubs-0.0.1-SNAPSHOT.jar
hibernate-core-5.2.18.Final.jar
hibernate-jpa-2.1-api-1.0.0.Final.jar
hrm-4.3.jar
hrm-jaxb-4.1a.jar
hsfo-2007-02-12.jar
hsfo2-2.0.jar
httpclient-4.5.13.jar
httpcore-4.4.13.jar
httpmime-4.5.6.jar
indivo-core-3.0-SNAPSHOT.jar
indivo-model-core-3.0-SNAPSHOT.jar
indivo-model-phr-jackson-3.1-SNAPSHOT.jar
integrator-objects-0.0.4.jar
itext-rtf-2.1.7.jar
itextpdf-5.5.13.1.jar
jackson-core-asl-1.9.13.jar
jackson-databind-2.9.9.jar
jackson-mapper-asl-1.9.13.jar
jakarta.activation-1.2.1.jar
jakarta.mail-1.6.7.jar
jasperreports-6.17.0.jar
jasypt-1.9.3.jar
java-saml-2.9.0.jar
java-saml-core-2.9.0.jar
javax.annotation-api-1.3.jar
javax.servlet-api-4.0.1.jar
javax.ws.rs-api-2.1.jar
jaxb-impl-2.2.11.jar
jaxm-api-UNKNOWN.jar
jcommon-1.0.23.jar
jdom-1.1.jar
jettison-1.3.8.jar
jfreechart-1.5.4.jar
joda-time-2.10.6.jar
jpedal-lgpl.jar
jsch-0.1.49.jar
json-lib-2.4-jdk15.jar
jsoup-1.17.2.jar
jtidy-1.0.5.jar
krysalis-jCharts-0.7.5.jar
log4j-1.2-api-2.24.1.jar
log4j-api-2.24.1.jar
myoscar_client_server_commons-2013.07.18.jar
myoscar_client_utils-2013.07.22.TLS.jar
myoscar_server_client_stubs-2013.07.22.jar
myoscar_server_client_stubs2-2014.10.24.jar
oauth-20100527.jar
oauth-provider-20100527.jar
ocan-0.0-SNAPSHOT.jar
ocan-iar-3.0.jar
ocan-iar-consent-UNKNOWN.jar
olis-service-20111111.jar
openpdf-1.3.35.jar
org.hl7.fhir.dstu3-5.4.0.jar
ostermillerutils-1.4.3.jar
patientSiteVisit-0.0-SNAPSHOT.jar
pdfbox-2.0.27.jar
pdfview-UNKNOWN.jar
ping-client-UNKNOWN.jar
ping-xml-UNKNOWN.jar
poi-5.0.0.jar
quartz-1.8.5.jar
saaj-impl-1.3.18.jar
servlet-api-2.3.jar
shic-cda-1.0.8.jar
shic-core-1.0.8.jar
shic-pix-1.0.8.jar
shic-xds-1.0.8.jar
slf4j-api-1.7.32.jar
spring-aop-4.3.30.RELEASE.jar
spring-beans-4.3.30.RELEASE.jar
spring-context-4.3.30.RELEASE.jar
spring-context-support-4.3.30.RELEASE.jar
spring-core-4.3.30.RELEASE.jar
spring-integration-file-4.2.4.RELEASE.jar
spring-integration-sftp-4.2.4.RELEASE.jar
spring-jdbc-4.3.30.RELEASE.jar
spring-orm-4.3.30.RELEASE.jar
spring-test-4.3.30.RELEASE.jar
spring-tx-4.3.30.RELEASE.jar
spring-web-4.3.30.RELEASE.jar
spring-webmvc-struts-2.5.6.SEC03.jar
struts-core-1.3.11.jar
struts-extras-1.3.11.jar
struts-taglib-1.3.11.jar
surveyModel-0.0-SNAPSHOT.jar
tagsoup-1.2.1.jar
tika-core-1.28.5.jar
ultrabuk-htmltopdf-java-1.0.10.1.jar
velocity-1.7.jar
velocity-tools-2.0.jar
wsdl4j-1.6.2.jar
wss4j-ws-security-common-2.2.0.jar
wss4j-ws-security-dom-2.2.0.jar
x18MEWBV-1.8.2.jar
xercesImpl-2.9.1.jar
xml-apis-1.3.04.jar
xmlbeans-2.5.0.jar
xmlrpc-1.2-b1.jar
xmlsec-2.1.8.jar
xmlworker-5.5.13.1.jar
zxing-core-1.5.jar
zxing-j2se-1.5.jar
